<?xml version="1.0" encoding="UTF-8"?>
<testsuite name="com.hotel.PaymentTests" tests="5" skipped="0" failures="0" errors="0" timestamp="2024-12-08T15:08:13" hostname="Parths-MacBook-Pro-2.local" time="0.129">
  <properties/>
  <testcase name="testPaymentfailureArguments()" classname="com.hotel.PaymentTests" time="0.096"/>
  <testcase name="testCardRefundEndpoint()" classname="com.hotel.PaymentTests" time="0.006"/>
  <testcase name="testCardPaymentEndpoint()" classname="com.hotel.PaymentTests" time="0.006"/>
  <testcase name="testWalletRefundEndpoint()" classname="com.hotel.PaymentTests" time="0.007"/>
  <testcase name="testWalletPaymentEndpoint()" classname="com.hotel.PaymentTests" time="0.009"/>
  <system-out><![CDATA[15:08:07.851 [Test worker] INFO org.springframework.test.context.support.AnnotationConfigContextLoaderUtils -- Could not detect default configuration classes for test class [com.hotel.PaymentTests]: PaymentTests does not declare any static, non-private, non-final, nested classes annotated with @Configuration.
15:08:07.907 [Test worker] INFO org.springframework.boot.test.context.SpringBootTestContextBootstrapper -- Found @SpringBootConfiguration com.hotel.HotelReservationSystemApplication for test class com.hotel.PaymentTests

  .   ____          _            __ _ _
 /\\ / ___'_ __ _ _(_)_ __  __ _ \ \ \ \
( ( )\___ | '_ | '_| | '_ \/ _` | \ \ \ \
 \\/  ___)| |_)| | | | | || (_| |  ) ) ) )
  '  |____| .__|_| |_|_| |_\__, | / / / /
 =========|_|==============|___/=/_/_/_/

 :: Spring Boot ::                (v3.3.5)

2024-12-08T15:08:08.098Z  WARN 37343 --- [hotel-reservation-system] [    Test worker] ory$DuplicateJsonObjectContextCustomizer : 

Found multiple occurrences of org.json.JSONObject on the class path:

	jar:file:/Users/parthbadve/.gradle/caches/modules-2/files-2.1/org.json/json/20231013/e22e0c040fe16f04ffdb85d851d77b07fc05ea52/json-20231013.jar!/org/json/JSONObject.class
	jar:file:/Users/parthbadve/.gradle/caches/modules-2/files-2.1/com.vaadin.external.google/android-json/0.0.20131108.vaadin1/fa26d351fe62a6a17f5cda1287c1c6110dec413f/android-json-0.0.20131108.vaadin1.jar!/org/json/JSONObject.class

You may wish to exclude one of them to ensure predictable runtime behavior

2024-12-08T15:08:08.107Z  INFO 37343 --- [hotel-reservation-system] [    Test worker] com.hotel.PaymentTests                   : Starting PaymentTests using Java 23 with PID 37343 (started by parthbadve in /Users/parthbadve/java_projects/Hotel-Reservation-System)
2024-12-08T15:08:08.107Z  INFO 37343 --- [hotel-reservation-system] [    Test worker] com.hotel.PaymentTests                   : No active profile set, falling back to 1 default profile: "default"
2024-12-08T15:08:08.672Z  INFO 37343 --- [hotel-reservation-system] [    Test worker] .s.d.r.c.RepositoryConfigurationDelegate : Bootstrapping Spring Data JPA repositories in DEFAULT mode.
2024-12-08T15:08:08.707Z  INFO 37343 --- [hotel-reservation-system] [    Test worker] .s.d.r.c.RepositoryConfigurationDelegate : Finished Spring Data repository scanning in 31 ms. Found 5 JPA repository interfaces.
2024-12-08T15:08:09.716Z  INFO 37343 --- [hotel-reservation-system] [    Test worker] o.hibernate.jpa.internal.util.LogHelper  : HHH000204: Processing PersistenceUnitInfo [name: default]
2024-12-08T15:08:09.768Z  INFO 37343 --- [hotel-reservation-system] [    Test worker] org.hibernate.Version                    : HHH000412: Hibernate ORM core version 6.5.3.Final
2024-12-08T15:08:09.791Z  INFO 37343 --- [hotel-reservation-system] [    Test worker] o.h.c.internal.RegionFactoryInitiator    : HHH000026: Second-level cache disabled
2024-12-08T15:08:09.868Z  INFO 37343 --- [hotel-reservation-system] [    Test worker] o.s.o.j.p.SpringPersistenceUnitInfo      : No LoadTimeWeaver setup: ignoring JPA class transformer
2024-12-08T15:08:09.891Z  INFO 37343 --- [hotel-reservation-system] [    Test worker] com.zaxxer.hikari.HikariDataSource       : HikariPool-1 - Starting...
2024-12-08T15:08:10.387Z  INFO 37343 --- [hotel-reservation-system] [    Test worker] com.zaxxer.hikari.pool.HikariPool        : HikariPool-1 - Added connection com.mysql.cj.jdbc.ConnectionImpl@515fff35
2024-12-08T15:08:10.388Z  INFO 37343 --- [hotel-reservation-system] [    Test worker] com.zaxxer.hikari.HikariDataSource       : HikariPool-1 - Start completed.
2024-12-08T15:08:10.912Z  INFO 37343 --- [hotel-reservation-system] [    Test worker] o.h.e.t.j.p.i.JtaPlatformInitiator       : HHH000489: No JTA platform available (set 'hibernate.transaction.jta.platform' to enable JTA platform integration)
2024-12-08T15:08:11.590Z  INFO 37343 --- [hotel-reservation-system] [    Test worker] j.LocalContainerEntityManagerFactoryBean : Initialized JPA EntityManagerFactory for persistence unit 'default'
2024-12-08T15:08:11.787Z  INFO 37343 --- [hotel-reservation-system] [    Test worker] o.s.d.j.r.query.QueryEnhancerFactory     : Hibernate is in classpath; If applicable, HQL parser will be used.
Notification services initalised
2024-12-08T15:08:12.300Z  INFO 37343 --- [hotel-reservation-system] [    Test worker] eAuthenticationProviderManagerConfigurer : Global AuthenticationManager configured with AuthenticationProvider bean with name authenticationProvider
2024-12-08T15:08:12.323Z  WARN 37343 --- [hotel-reservation-system] [    Test worker] JpaBaseConfiguration$JpaWebConfiguration : spring.jpa.open-in-view is enabled by default. Therefore, database queries may be performed during view rendering. Explicitly configure spring.jpa.open-in-view to disable this warning
2024-12-08T15:08:12.718Z  INFO 37343 --- [hotel-reservation-system] [    Test worker] o.s.b.a.e.web.EndpointLinksResolver      : Exposing 1 endpoint beneath base path '/actuator'
2024-12-08T15:08:12.979Z  INFO 37343 --- [hotel-reservation-system] [    Test worker] o.s.b.t.m.w.SpringBootMockServletContext : Initializing Spring TestDispatcherServlet ''
2024-12-08T15:08:12.979Z  INFO 37343 --- [hotel-reservation-system] [    Test worker] o.s.t.web.servlet.TestDispatcherServlet  : Initializing Servlet ''
2024-12-08T15:08:12.980Z  INFO 37343 --- [hotel-reservation-system] [    Test worker] o.s.t.web.servlet.TestDispatcherServlet  : Completed initialization in 1 ms
2024-12-08T15:08:13.013Z  INFO 37343 --- [hotel-reservation-system] [    Test worker] com.hotel.PaymentTests                   : Started PaymentTests in 5.044 seconds (process running for 5.775)
]]></system-out>
  <system-err><![CDATA[WARNING: A Java agent has been loaded dynamically (/Users/parthbadve/.gradle/caches/modules-2/files-2.1/net.bytebuddy/byte-buddy-agent/1.14.19/154da3a65b4f4a909d3e5bdec55d1b2b4cbb6ce1/byte-buddy-agent-1.14.19.jar)
WARNING: If a serviceability tool is in use, please run with -XX:+EnableDynamicAgentLoading to hide this warning
WARNING: If a serviceability tool is not in use, please run with -Djdk.instrument.traceUsage for more information
WARNING: Dynamic loading of agents will be disallowed by default in a future release
]]></system-err>
</testsuite>
