<?xml version="1.0" encoding="UTF-8"?>
<testsuite name="com.hotel.BookingTests" tests="4" skipped="0" failures="0" errors="0" timestamp="2024-12-08T15:08:16" hostname="Parths-MacBook-Pro-2.local" time="0.05">
  <properties/>
  <testcase name="testDeleteBookingSuccess()" classname="com.hotel.BookingTests" time="0.007"/>
  <testcase name="testViewBookingById_Success()" classname="com.hotel.BookingTests" time="0.017"/>
  <testcase name="testCreateBooking_Success()" classname="com.hotel.BookingTests" time="0.016"/>
  <testcase name="testUpdateBooking_Success()" classname="com.hotel.BookingTests" time="0.007"/>
  <system-out><![CDATA[2024-12-08T15:08:14.995Z  INFO 37343 --- [hotel-reservation-system] [    Test worker] t.c.s.AnnotationConfigContextLoaderUtils : Could not detect default configuration classes for test class [com.hotel.BookingTests]: BookingTests does not declare any static, non-private, non-final, nested classes annotated with @Configuration.
2024-12-08T15:08:14.997Z  INFO 37343 --- [hotel-reservation-system] [    Test worker] .b.t.c.SpringBootTestContextBootstrapper : Found @SpringBootConfiguration com.hotel.HotelReservationSystemApplication for test class com.hotel.BookingTests

  .   ____          _            __ _ _
 /\\ / ___'_ __ _ _(_)_ __  __ _ \ \ \ \
( ( )\___ | '_ | '_| | '_ \/ _` | \ \ \ \
 \\/  ___)| |_)| | | | | || (_| |  ) ) ) )
  '  |____| .__|_| |_|_| |_\__, | / / / /
 =========|_|==============|___/=/_/_/_/

 :: Spring Boot ::                (v3.3.5)

2024-12-08T15:08:15.005Z  WARN 37343 --- [hotel-reservation-system] [    Test worker] ory$DuplicateJsonObjectContextCustomizer : 

Found multiple occurrences of org.json.JSONObject on the class path:

	jar:file:/Users/parthbadve/.gradle/caches/modules-2/files-2.1/org.json/json/20231013/e22e0c040fe16f04ffdb85d851d77b07fc05ea52/json-20231013.jar!/org/json/JSONObject.class
	jar:file:/Users/parthbadve/.gradle/caches/modules-2/files-2.1/com.vaadin.external.google/android-json/0.0.20131108.vaadin1/fa26d351fe62a6a17f5cda1287c1c6110dec413f/android-json-0.0.20131108.vaadin1.jar!/org/json/JSONObject.class

You may wish to exclude one of them to ensure predictable runtime behavior

2024-12-08T15:08:15.005Z  INFO 37343 --- [hotel-reservation-system] [    Test worker] com.hotel.BookingTests                   : Starting BookingTests using Java 23 with PID 37343 (started by parthbadve in /Users/parthbadve/java_projects/Hotel-Reservation-System)
2024-12-08T15:08:15.005Z  INFO 37343 --- [hotel-reservation-system] [    Test worker] com.hotel.BookingTests                   : No active profile set, falling back to 1 default profile: "default"
2024-12-08T15:08:15.084Z  INFO 37343 --- [hotel-reservation-system] [    Test worker] .s.d.r.c.RepositoryConfigurationDelegate : Bootstrapping Spring Data JPA repositories in DEFAULT mode.
2024-12-08T15:08:15.089Z  INFO 37343 --- [hotel-reservation-system] [    Test worker] .s.d.r.c.RepositoryConfigurationDelegate : Finished Spring Data repository scanning in 4 ms. Found 5 JPA repository interfaces.
2024-12-08T15:08:15.137Z  INFO 37343 --- [hotel-reservation-system] [    Test worker] o.hibernate.jpa.internal.util.LogHelper  : HHH000204: Processing PersistenceUnitInfo [name: default]
2024-12-08T15:08:15.138Z  INFO 37343 --- [hotel-reservation-system] [    Test worker] o.h.c.internal.RegionFactoryInitiator    : HHH000026: Second-level cache disabled
2024-12-08T15:08:15.140Z  INFO 37343 --- [hotel-reservation-system] [    Test worker] o.s.o.j.p.SpringPersistenceUnitInfo      : No LoadTimeWeaver setup: ignoring JPA class transformer
2024-12-08T15:08:15.141Z  INFO 37343 --- [hotel-reservation-system] [    Test worker] com.zaxxer.hikari.HikariDataSource       : HikariPool-3 - Starting...
2024-12-08T15:08:15.531Z  INFO 37343 --- [hotel-reservation-system] [    Test worker] com.zaxxer.hikari.pool.HikariPool        : HikariPool-3 - Added connection com.mysql.cj.jdbc.ConnectionImpl@6a544178
2024-12-08T15:08:15.531Z  INFO 37343 --- [hotel-reservation-system] [    Test worker] com.zaxxer.hikari.HikariDataSource       : HikariPool-3 - Start completed.
2024-12-08T15:08:15.595Z  INFO 37343 --- [hotel-reservation-system] [    Test worker] o.h.e.t.j.p.i.JtaPlatformInitiator       : HHH000489: No JTA platform available (set 'hibernate.transaction.jta.platform' to enable JTA platform integration)
2024-12-08T15:08:16.167Z  INFO 37343 --- [hotel-reservation-system] [    Test worker] j.LocalContainerEntityManagerFactoryBean : Initialized JPA EntityManagerFactory for persistence unit 'default'
Notification services initalised
2024-12-08T15:08:16.229Z  INFO 37343 --- [hotel-reservation-system] [    Test worker] eAuthenticationProviderManagerConfigurer : Global AuthenticationManager configured with AuthenticationProvider bean with name authenticationProvider
2024-12-08T15:08:16.234Z  WARN 37343 --- [hotel-reservation-system] [    Test worker] JpaBaseConfiguration$JpaWebConfiguration : spring.jpa.open-in-view is enabled by default. Therefore, database queries may be performed during view rendering. Explicitly configure spring.jpa.open-in-view to disable this warning
2024-12-08T15:08:16.289Z  INFO 37343 --- [hotel-reservation-system] [    Test worker] o.s.b.a.e.web.EndpointLinksResolver      : Exposing 1 endpoint beneath base path '/actuator'
2024-12-08T15:08:16.362Z  INFO 37343 --- [hotel-reservation-system] [    Test worker] o.s.b.t.m.w.SpringBootMockServletContext : Initializing Spring TestDispatcherServlet ''
2024-12-08T15:08:16.362Z  INFO 37343 --- [hotel-reservation-system] [    Test worker] o.s.t.web.servlet.TestDispatcherServlet  : Initializing Servlet ''
2024-12-08T15:08:16.363Z  INFO 37343 --- [hotel-reservation-system] [    Test worker] o.s.t.web.servlet.TestDispatcherServlet  : Completed initialization in 1 ms
2024-12-08T15:08:16.369Z  INFO 37343 --- [hotel-reservation-system] [    Test worker] com.hotel.BookingTests                   : Started BookingTests in 1.371 seconds (process running for 9.131)
]]></system-out>
  <system-err><![CDATA[]]></system-err>
</testsuite>
