<?xml version="1.0" encoding="UTF-8"?>
<testsuite name="com.hotel.RoomControllerTest" tests="8" skipped="0" failures="0" errors="0" timestamp="2024-12-08T15:08:19" hostname="Parths-MacBook-Pro-2.local" time="0.043">
  <properties/>
  <testcase name="testCreateRoom_InvalidInput()" classname="com.hotel.RoomControllerTest" time="0.01"/>
  <testcase name="testCreateRoom_Success()" classname="com.hotel.RoomControllerTest" time="0.006"/>
  <testcase name="testGetRoomPrice_InternalError()" classname="com.hotel.RoomControllerTest" time="0.006"/>
  <testcase name="testCreateRoom_InternalError()" classname="com.hotel.RoomControllerTest" time="0.004"/>
  <testcase name="testViewRooms_InternalError()" classname="com.hotel.RoomControllerTest" time="0.004"/>
  <testcase name="testGetRoomPrice_InvalidInput()" classname="com.hotel.RoomControllerTest" time="0.004"/>
  <testcase name="testViewRooms_Success()" classname="com.hotel.RoomControllerTest" time="0.003"/>
  <testcase name="testGetRoomPrice_Success()" classname="com.hotel.RoomControllerTest" time="0.004"/>
  <system-out><![CDATA[2024-12-08T15:08:17.757Z  INFO 37343 --- [hotel-reservation-system] [    Test worker] t.c.s.AnnotationConfigContextLoaderUtils : Could not detect default configuration classes for test class [com.hotel.RoomControllerTest]: RoomControllerTest does not declare any static, non-private, non-final, nested classes annotated with @Configuration.
2024-12-08T15:08:17.758Z  INFO 37343 --- [hotel-reservation-system] [    Test worker] .b.t.c.SpringBootTestContextBootstrapper : Found @SpringBootConfiguration com.hotel.HotelReservationSystemApplication for test class com.hotel.RoomControllerTest

  .   ____          _            __ _ _
 /\\ / ___'_ __ _ _(_)_ __  __ _ \ \ \ \
( ( )\___ | '_ | '_| | '_ \/ _` | \ \ \ \
 \\/  ___)| |_)| | | | | || (_| |  ) ) ) )
  '  |____| .__|_| |_|_| |_\__, | / / / /
 =========|_|==============|___/=/_/_/_/

 :: Spring Boot ::                (v3.3.5)

2024-12-08T15:08:17.764Z  WARN 37343 --- [hotel-reservation-system] [    Test worker] ory$DuplicateJsonObjectContextCustomizer : 

Found multiple occurrences of org.json.JSONObject on the class path:

	jar:file:/Users/parthbadve/.gradle/caches/modules-2/files-2.1/org.json/json/20231013/e22e0c040fe16f04ffdb85d851d77b07fc05ea52/json-20231013.jar!/org/json/JSONObject.class
	jar:file:/Users/parthbadve/.gradle/caches/modules-2/files-2.1/com.vaadin.external.google/android-json/0.0.20131108.vaadin1/fa26d351fe62a6a17f5cda1287c1c6110dec413f/android-json-0.0.20131108.vaadin1.jar!/org/json/JSONObject.class

You may wish to exclude one of them to ensure predictable runtime behavior

2024-12-08T15:08:17.765Z  INFO 37343 --- [hotel-reservation-system] [    Test worker] com.hotel.RoomControllerTest             : Starting RoomControllerTest using Java 23 with PID 37343 (started by parthbadve in /Users/parthbadve/java_projects/Hotel-Reservation-System)
2024-12-08T15:08:17.765Z  INFO 37343 --- [hotel-reservation-system] [    Test worker] com.hotel.RoomControllerTest             : No active profile set, falling back to 1 default profile: "default"
2024-12-08T15:08:17.825Z  INFO 37343 --- [hotel-reservation-system] [    Test worker] .s.d.r.c.RepositoryConfigurationDelegate : Bootstrapping Spring Data JPA repositories in DEFAULT mode.
2024-12-08T15:08:17.829Z  INFO 37343 --- [hotel-reservation-system] [    Test worker] .s.d.r.c.RepositoryConfigurationDelegate : Finished Spring Data repository scanning in 4 ms. Found 5 JPA repository interfaces.
2024-12-08T15:08:17.894Z  INFO 37343 --- [hotel-reservation-system] [    Test worker] o.hibernate.jpa.internal.util.LogHelper  : HHH000204: Processing PersistenceUnitInfo [name: default]
2024-12-08T15:08:17.895Z  INFO 37343 --- [hotel-reservation-system] [    Test worker] o.h.c.internal.RegionFactoryInitiator    : HHH000026: Second-level cache disabled
2024-12-08T15:08:17.898Z  INFO 37343 --- [hotel-reservation-system] [    Test worker] o.s.o.j.p.SpringPersistenceUnitInfo      : No LoadTimeWeaver setup: ignoring JPA class transformer
2024-12-08T15:08:17.898Z  INFO 37343 --- [hotel-reservation-system] [    Test worker] com.zaxxer.hikari.HikariDataSource       : HikariPool-5 - Starting...
2024-12-08T15:08:18.370Z  INFO 37343 --- [hotel-reservation-system] [    Test worker] com.zaxxer.hikari.pool.HikariPool        : HikariPool-5 - Added connection com.mysql.cj.jdbc.ConnectionImpl@45b60db7
2024-12-08T15:08:18.371Z  INFO 37343 --- [hotel-reservation-system] [    Test worker] com.zaxxer.hikari.HikariDataSource       : HikariPool-5 - Start completed.
2024-12-08T15:08:18.462Z  INFO 37343 --- [hotel-reservation-system] [    Test worker] o.h.e.t.j.p.i.JtaPlatformInitiator       : HHH000489: No JTA platform available (set 'hibernate.transaction.jta.platform' to enable JTA platform integration)
2024-12-08T15:08:18.871Z  INFO 37343 --- [hotel-reservation-system] [    Test worker] j.LocalContainerEntityManagerFactoryBean : Initialized JPA EntityManagerFactory for persistence unit 'default'
Notification services initalised
2024-12-08T15:08:18.945Z  INFO 37343 --- [hotel-reservation-system] [    Test worker] eAuthenticationProviderManagerConfigurer : Global AuthenticationManager configured with AuthenticationProvider bean with name authenticationProvider
2024-12-08T15:08:18.949Z  WARN 37343 --- [hotel-reservation-system] [    Test worker] JpaBaseConfiguration$JpaWebConfiguration : spring.jpa.open-in-view is enabled by default. Therefore, database queries may be performed during view rendering. Explicitly configure spring.jpa.open-in-view to disable this warning
2024-12-08T15:08:19.001Z  INFO 37343 --- [hotel-reservation-system] [    Test worker] o.s.b.a.e.web.EndpointLinksResolver      : Exposing 1 endpoint beneath base path '/actuator'
2024-12-08T15:08:19.053Z  INFO 37343 --- [hotel-reservation-system] [    Test worker] o.s.b.t.m.w.SpringBootMockServletContext : Initializing Spring TestDispatcherServlet ''
2024-12-08T15:08:19.053Z  INFO 37343 --- [hotel-reservation-system] [    Test worker] o.s.t.web.servlet.TestDispatcherServlet  : Initializing Servlet ''
2024-12-08T15:08:19.053Z  INFO 37343 --- [hotel-reservation-system] [    Test worker] o.s.t.web.servlet.TestDispatcherServlet  : Completed initialization in 0 ms
2024-12-08T15:08:19.065Z  INFO 37343 --- [hotel-reservation-system] [    Test worker] com.hotel.RoomControllerTest             : Started RoomControllerTest in 1.306 seconds (process running for 11.827)
]]></system-out>
  <system-err><![CDATA[]]></system-err>
</testsuite>
